<?xml version="1.0" encoding="UTF-8"?>
<!-- Generated by org.testng.reporters.JUnitReportReporter -->
<testsuite hostname="DESKTOP-BBS5QUB" failures="0" tests="1" name="TestCase01_GET" time="0.006" errors="0" timestamp="2020-08-21T14:46:08 CST" skipped="0">
  <testcase classname="TestCase01_GET" name="sampleTestComp" time="0.006"/>
  <system-out/>
</testsuite> <!-- TestCase01_GET -->
