<?xml version="1.0" encoding="UTF-8"?>
<!-- Generated by org.testng.reporters.JUnitReportReporter -->
<testsuite hostname="DESKTOP-BBS5QUB" failures="0" tests="2" name="TestCase01_GET" time="2.039" errors="0" timestamp="2021-01-11T23:23:33 CST" skipped="0">
  <testcase classname="TestCase01_GET" name="test_01_GET" time="1.430"/>
  <system-out/>
  <testcase classname="TestCase01_GET" name="test_02_GET" time="0.609"/>
  <system-out/>
</testsuite> <!-- TestCase01_GET -->
